<?xml version="1.0" encoding="UTF-8"?>
<!-- Generated by org.testng.reporters.JUnitReportReporter -->
<testsuite hostname="Sony" name="com.test.MavenActitime.TestActitime" tests="1" failures="0" timestamp="1 May 2021 14:34:32 GMT" time="28.140" errors="0">
  <testcase name="actiTimeTest" time="28.140" classname="com.test.MavenActitime.TestActitime"/>
</testsuite> <!-- com.test.MavenActitime.TestActitime -->
